<html>
<head>
<title>TestNG:  Test</title>
<link href="../testng.css" rel="stylesheet" type="text/css" />
<link href="../my-testng.css" rel="stylesheet" type="text/css" />

<style type="text/css">
.log { display: none;} 
.stack-trace { display: none;} 
</style>
<script type="text/javascript">
<!--
function flip(e) {
  current = e.style.display;
  if (current == 'block') {
    e.style.display = 'none';
    return 0;
  }
  else {
    e.style.display = 'block';
    return 1;
  }
}

function toggleBox(szDivId, elem, msg1, msg2)
{
  var res = -1;  if (document.getElementById) {
    res = flip(document.getElementById(szDivId));
  }
  else if (document.all) {
    // this is the way old msie versions work
    res = flip(document.all[szDivId]);
  }
  if(elem) {
    if(res == 0) elem.innerHTML = msg1; else elem.innerHTML = msg2;
  }

}

function toggleAllBoxes() {
  if (document.getElementsByTagName) {
    d = document.getElementsByTagName('div');
    for (i = 0; i < d.length; i++) {
      if (d[i].className == 'log') {
        flip(d[i]);
      }
    }
  }
}

// -->
</script>

</head>
<body>
<h2 align='center'>Test</h2><table border='1' align="center">
<tr>
<td>Tests passed/Failed/Skipped:</td><td>17/3/0</td>
</tr><tr>
<td>Started on:</td><td>Sat Feb 03 20:27:03 IST 2024</td>
</tr>
<tr><td>Total time:</td><td>849 seconds (849306 ms)</td>
</tr><tr>
<td>Included groups:</td><td></td>
</tr><tr>
<td>Excluded groups:</td><td></td>
</tr>
</table><p/>
<small><i>(Hover the method name to see the test class name)</i></small><p/>
<table width='100%' border='1' class='invocation-failed'>
<tr><td colspan='4' align='center'><b>FAILED TESTS</b></td></tr>
<tr><td><b>Test method</b></td>
<td><b>Attribute(s)</b></td>
<td width="30%"><b>Exception</b></td>
<td width="10%"><b>Time (seconds)</b></td>
<td><b>Instance</b></td>
</tr>
<tr>
<td title='testcases.AddItemsToCartTest.additems()'><b>additems</b><br>Test class: testcases.AddItemsToCartTest</td>
<td><div><pre>org.openqa.selenium.ElementClickInterceptedException: element click intercepted: Element &lt;a href=&quot;/site/searchpage.jsp?_dyncharset=UTF-8&amp;amp;browsedCategory=pcmcat1496260428559&amp;amp;id=pcat17071&amp;amp;iht=n&amp;amp;ks=960&amp;amp;list=y&amp;amp;qp=category_facet%3DSmartwatch%20Accessories~pcmcat321000050005&amp;amp;sc=Global&amp;amp;st=pcmcat1496260428559_categoryid%24pcmcat321000050003&amp;amp;type=page&amp;amp;usc=All%20Categories&quot; data-track=&quot;[context:widgetType=flex,linkContent=Watch accessories,linkRegion=Watches and Buds Flex,linkPlacement=c1w1]&quot; class=&quot;flex-image-inner-wrapper flex-fluid-image&quot; aria-hidden=&quot;true&quot; tabindex=&quot;-1&quot; style=&quot;background-image: url(&amp;quot;https://pisces.bbystatic.com/image2/BestBuy_US/dam/flx-accesories-budsandwatch-sol111603-samsung_DER-48244f9e-ff3a-4cc1-b4b3-4b393ed22ef1.jpg;maxHeight=292;maxWidth=292&amp;quot;);&quot;&gt;...&lt;/a&gt; is not clickable at point (425, 591). Other element would receive the click: &lt;div id=&quot;survey_window&quot; class=&quot;modal fade modal-open in&quot; role=&quot;dialog&quot; style=&quot;margin-top: 205px; display: block;&quot;&gt;...&lt;/div&gt;
  (Session info: chrome=121.0.6167.86)
Build info: version: &apos;4.15.0&apos;, revision: &apos;1d14b5521b&apos;
System info: os.name: &apos;Windows 11&apos;, os.arch: &apos;amd64&apos;, os.version: &apos;10.0&apos;, java.version: &apos;17.0.9&apos;
Driver info: org.openqa.selenium.chrome.ChromeDriver
Command: [350f0c7d53f554ff32fa0a716824c9e9, clickElement {id=CBC91FB21325E62651165CA747E916EA_element_403}]
Capabilities {acceptInsecureCerts: false, browserName: chrome, browserVersion: 121.0.6167.86, chrome: {chromedriverVersion: 121.0.6167.85 (3f98d690ad7e..., userDataDir: C:\Users\new\AppData\Local\...}, fedcm:accounts: true, goog:chromeOptions: {debuggerAddress: localhost:50694}, networkConnectionEnabled: false, pageLoadStrategy: normal, platformName: windows, proxy: Proxy(), se:cdp: ws://localhost:50694/devtoo..., se:cdpVersion: 121.0.6167.86, setWindowRect: true, strictFileInteractability: false, timeouts: {implicit: 0, pageLoad: 300000, script: 30000}, unhandledPromptBehavior: dismiss and notify, webauthn:extension:credBlob: true, webauthn:extension:largeBlob: true, webauthn:extension:minPinLength: true, webauthn:extension:prf: true, webauthn:virtualAuthenticators: true}
Element: [[ChromeDriver: chrome on windows (350f0c7d53f554ff32fa0a716824c9e9)] -&gt; xpath: //a[@href=&apos;/site/searchpage.jsp?_dyncharset=UTF-8&amp;browsedCategory=pcmcat1496260428559&amp;id=pcat17071&amp;iht=n&amp;ks=960&amp;list=y&amp;qp=category_facet%3DSmartwatch%20Accessories~pcmcat321000050005&amp;sc=Global&amp;st=pcmcat1496260428559_categoryid%24pcmcat321000050003&amp;type=page&amp;usc=All%20Categories&apos;]]
Session ID: 350f0c7d53f554ff32fa0a716824c9e9
	at org.openqa.selenium.remote.codec.w3c.W3CHttpResponseCodec.createException(W3CHttpResponseCodec.java:200)
	at org.openqa.selenium.remote.codec.w3c.W3CHttpResponseCodec.decode(W3CHttpResponseCodec.java:133)
	at org.openqa.selenium.remote.codec.w3c.W3CHttpResponseCodec.decode(W3CHttpResponseCodec.java:52)
	at org.openqa.selenium.remote.HttpCommandExecutor.execute(HttpCommandExecutor.java:191)
	at org.openqa.selenium.remote.service.DriverCommandExecutor.invokeExecute(DriverCommandExecutor.java:200)
	at org.openqa.selenium.remote.service.DriverCommandExecutor.execute(DriverCommandExecutor.java:175)
	at org.openqa.selenium.remote.RemoteWebDriver.execute(RemoteWebDriver.java:607)
	at org.openqa.selenium.remote.RemoteWebElement.execute(RemoteWebElement.java:224)
	at org.openqa.selenium.remote.RemoteWebElement.click(RemoteWebElement.java:77)
	at org.openqa.selenium.support.pagefactory.internal.LocatingElementHandler.invoke(LocatingElementHandler.java:51)
	at jdk.proxy2/jdk.proxy2.$Proxy15.click(Unknown Source)
	at pageobjects.AddItemsToCartPage.select_item_under_brand(AddItemsToCartPage.java:140)
	at testcases.AddItemsToCartTest.additems(AddItemsToCartTest.java:22)
	at java.base/java.util.ArrayList.forEach(ArrayList.java:1511)
... Removed 36 stack frames</pre></div><a href='#' onClick='toggleBox("stack-trace2005762793", this, "Click to show all stack frames", "Click to hide stack frames")'>Click to show all stack frames</a>
<div class='stack-trace' id='stack-trace2005762793'><pre>org.openqa.selenium.ElementClickInterceptedException: element click intercepted: Element &lt;a href=&quot;/site/searchpage.jsp?_dyncharset=UTF-8&amp;amp;browsedCategory=pcmcat1496260428559&amp;amp;id=pcat17071&amp;amp;iht=n&amp;amp;ks=960&amp;amp;list=y&amp;amp;qp=category_facet%3DSmartwatch%20Accessories~pcmcat321000050005&amp;amp;sc=Global&amp;amp;st=pcmcat1496260428559_categoryid%24pcmcat321000050003&amp;amp;type=page&amp;amp;usc=All%20Categories&quot; data-track=&quot;[context:widgetType=flex,linkContent=Watch accessories,linkRegion=Watches and Buds Flex,linkPlacement=c1w1]&quot; class=&quot;flex-image-inner-wrapper flex-fluid-image&quot; aria-hidden=&quot;true&quot; tabindex=&quot;-1&quot; style=&quot;background-image: url(&amp;quot;https://pisces.bbystatic.com/image2/BestBuy_US/dam/flx-accesories-budsandwatch-sol111603-samsung_DER-48244f9e-ff3a-4cc1-b4b3-4b393ed22ef1.jpg;maxHeight=292;maxWidth=292&amp;quot;);&quot;&gt;...&lt;/a&gt; is not clickable at point (425, 591). Other element would receive the click: &lt;div id=&quot;survey_window&quot; class=&quot;modal fade modal-open in&quot; role=&quot;dialog&quot; style=&quot;margin-top: 205px; display: block;&quot;&gt;...&lt;/div&gt;
  (Session info: chrome=121.0.6167.86)
Build info: version: &apos;4.15.0&apos;, revision: &apos;1d14b5521b&apos;
System info: os.name: &apos;Windows 11&apos;, os.arch: &apos;amd64&apos;, os.version: &apos;10.0&apos;, java.version: &apos;17.0.9&apos;
Driver info: org.openqa.selenium.chrome.ChromeDriver
Command: [350f0c7d53f554ff32fa0a716824c9e9, clickElement {id=CBC91FB21325E62651165CA747E916EA_element_403}]
Capabilities {acceptInsecureCerts: false, browserName: chrome, browserVersion: 121.0.6167.86, chrome: {chromedriverVersion: 121.0.6167.85 (3f98d690ad7e..., userDataDir: C:\Users\new\AppData\Local\...}, fedcm:accounts: true, goog:chromeOptions: {debuggerAddress: localhost:50694}, networkConnectionEnabled: false, pageLoadStrategy: normal, platformName: windows, proxy: Proxy(), se:cdp: ws://localhost:50694/devtoo..., se:cdpVersion: 121.0.6167.86, setWindowRect: true, strictFileInteractability: false, timeouts: {implicit: 0, pageLoad: 300000, script: 30000}, unhandledPromptBehavior: dismiss and notify, webauthn:extension:credBlob: true, webauthn:extension:largeBlob: true, webauthn:extension:minPinLength: true, webauthn:extension:prf: true, webauthn:virtualAuthenticators: true}
Element: [[ChromeDriver: chrome on windows (350f0c7d53f554ff32fa0a716824c9e9)] -&gt; xpath: //a[@href=&apos;/site/searchpage.jsp?_dyncharset=UTF-8&amp;browsedCategory=pcmcat1496260428559&amp;id=pcat17071&amp;iht=n&amp;ks=960&amp;list=y&amp;qp=category_facet%3DSmartwatch%20Accessories~pcmcat321000050005&amp;sc=Global&amp;st=pcmcat1496260428559_categoryid%24pcmcat321000050003&amp;type=page&amp;usc=All%20Categories&apos;]]
Session ID: 350f0c7d53f554ff32fa0a716824c9e9
	at java.base/jdk.internal.reflect.NativeConstructorAccessorImpl.newInstance0(Native Method)
	at java.base/jdk.internal.reflect.NativeConstructorAccessorImpl.newInstance(NativeConstructorAccessorImpl.java:77)
	at java.base/jdk.internal.reflect.DelegatingConstructorAccessorImpl.newInstance(DelegatingConstructorAccessorImpl.java:45)
	at java.base/java.lang.reflect.Constructor.newInstanceWithCaller(Constructor.java:499)
	at java.base/java.lang.reflect.Constructor.newInstance(Constructor.java:480)
	at org.openqa.selenium.remote.codec.w3c.W3CHttpResponseCodec.createException(W3CHttpResponseCodec.java:200)
	at org.openqa.selenium.remote.codec.w3c.W3CHttpResponseCodec.decode(W3CHttpResponseCodec.java:133)
	at org.openqa.selenium.remote.codec.w3c.W3CHttpResponseCodec.decode(W3CHttpResponseCodec.java:52)
	at org.openqa.selenium.remote.HttpCommandExecutor.execute(HttpCommandExecutor.java:191)
	at org.openqa.selenium.remote.service.DriverCommandExecutor.invokeExecute(DriverCommandExecutor.java:200)
	at org.openqa.selenium.remote.service.DriverCommandExecutor.execute(DriverCommandExecutor.java:175)
	at org.openqa.selenium.remote.RemoteWebDriver.execute(RemoteWebDriver.java:607)
	at org.openqa.selenium.remote.RemoteWebElement.execute(RemoteWebElement.java:224)
	at org.openqa.selenium.remote.RemoteWebElement.click(RemoteWebElement.java:77)
	at java.base/jdk.internal.reflect.NativeMethodAccessorImpl.invoke0(Native Method)
	at java.base/jdk.internal.reflect.NativeMethodAccessorImpl.invoke(NativeMethodAccessorImpl.java:77)
	at java.base/jdk.internal.reflect.DelegatingMethodAccessorImpl.invoke(DelegatingMethodAccessorImpl.java:43)
	at java.base/java.lang.reflect.Method.invoke(Method.java:568)
	at org.openqa.selenium.support.pagefactory.internal.LocatingElementHandler.invoke(LocatingElementHandler.java:51)
	at jdk.proxy2/jdk.proxy2.$Proxy15.click(Unknown Source)
	at pageobjects.AddItemsToCartPage.select_item_under_brand(AddItemsToCartPage.java:140)
	at testcases.AddItemsToCartTest.additems(AddItemsToCartTest.java:22)
	at java.base/jdk.internal.reflect.NativeMethodAccessorImpl.invoke0(Native Method)
	at java.base/jdk.internal.reflect.NativeMethodAccessorImpl.invoke(NativeMethodAccessorImpl.java:77)
	at java.base/jdk.internal.reflect.DelegatingMethodAccessorImpl.invoke(DelegatingMethodAccessorImpl.java:43)
	at java.base/java.lang.reflect.Method.invoke(Method.java:568)
	at org.testng.internal.invokers.MethodInvocationHelper.invokeMethod(MethodInvocationHelper.java:139)
	at org.testng.internal.invokers.TestInvoker.invokeMethod(TestInvoker.java:664)
	at org.testng.internal.invokers.TestInvoker.invokeTestMethod(TestInvoker.java:227)
	at org.testng.internal.invokers.MethodRunner.runInSequence(MethodRunner.java:50)
	at org.testng.internal.invokers.TestInvoker$MethodInvocationAgent.invoke(TestInvoker.java:957)
	at org.testng.internal.invokers.TestInvoker.invokeTestMethods(TestInvoker.java:200)
	at org.testng.internal.invokers.TestMethodWorker.invokeTestMethods(TestMethodWorker.java:148)
	at org.testng.internal.invokers.TestMethodWorker.run(TestMethodWorker.java:128)
	at java.base/java.util.ArrayList.forEach(ArrayList.java:1511)
	at org.testng.TestRunner.privateRun(TestRunner.java:848)
	at org.testng.TestRunner.run(TestRunner.java:621)
	at org.testng.SuiteRunner.runTest(SuiteRunner.java:443)
	at org.testng.SuiteRunner.runSequentially(SuiteRunner.java:437)
	at org.testng.SuiteRunner.privateRun(SuiteRunner.java:397)
	at org.testng.SuiteRunner.run(SuiteRunner.java:336)
	at org.testng.SuiteRunnerWorker.runSuite(SuiteRunnerWorker.java:52)
	at org.testng.SuiteRunnerWorker.run(SuiteRunnerWorker.java:95)
	at org.testng.TestNG.runSuitesSequentially(TestNG.java:1280)
	at org.testng.TestNG.runSuitesLocally(TestNG.java:1200)
	at org.testng.TestNG.runSuites(TestNG.java:1114)
	at org.testng.TestNG.run(TestNG.java:1082)
	at org.testng.remote.AbstractRemoteTestNG.run(AbstractRemoteTestNG.java:115)
	at org.testng.remote.RemoteTestNG.initAndRun(RemoteTestNG.java:251)
	at org.testng.remote.RemoteTestNG.main(RemoteTestNG.java:77)
</pre></div></td>
<td>76</td>
<td>testcases.AddItemsToCartTest@4f49f6af</td></tr>
<tr>
<td title='testcases.CheckOut_ItemsincartTest.payment()'><b>payment</b><br>Test class: testcases.CheckOut_ItemsincartTest</td>
<td><div><pre>org.openqa.selenium.NoSuchElementException: no such element: Unable to locate element: {&quot;method&quot;:&quot;css selector&quot;,&quot;selector&quot;:&quot;#number&quot;}
  (Session info: chrome=121.0.6167.86)
For documentation on this error, please visit: https://www.selenium.dev/documentation/webdriver/troubleshooting/errors#no-such-element-exception
Build info: version: &apos;4.15.0&apos;, revision: &apos;1d14b5521b&apos;
System info: os.name: &apos;Windows 11&apos;, os.arch: &apos;amd64&apos;, os.version: &apos;10.0&apos;, java.version: &apos;17.0.9&apos;
Driver info: org.openqa.selenium.chrome.ChromeDriver
Command: [47f802ec28f1ccac8c1a21db8dcb9e2f, findElement {using=id, value=number}]
Capabilities {acceptInsecureCerts: false, browserName: chrome, browserVersion: 121.0.6167.86, chrome: {chromedriverVersion: 121.0.6167.85 (3f98d690ad7e..., userDataDir: C:\Users\new\AppData\Local\...}, fedcm:accounts: true, goog:chromeOptions: {debuggerAddress: localhost:64515}, networkConnectionEnabled: false, pageLoadStrategy: normal, platformName: windows, proxy: Proxy(), se:cdp: ws://localhost:64515/devtoo..., se:cdpVersion: 121.0.6167.86, setWindowRect: true, strictFileInteractability: false, timeouts: {implicit: 0, pageLoad: 300000, script: 30000}, unhandledPromptBehavior: dismiss and notify, webauthn:extension:credBlob: true, webauthn:extension:largeBlob: true, webauthn:extension:minPinLength: true, webauthn:extension:prf: true, webauthn:virtualAuthenticators: true}
Session ID: 47f802ec28f1ccac8c1a21db8dcb9e2f
	at org.openqa.selenium.remote.codec.w3c.W3CHttpResponseCodec.createException(W3CHttpResponseCodec.java:200)
	at org.openqa.selenium.remote.codec.w3c.W3CHttpResponseCodec.decode(W3CHttpResponseCodec.java:133)
	at org.openqa.selenium.remote.codec.w3c.W3CHttpResponseCodec.decode(W3CHttpResponseCodec.java:52)
	at org.openqa.selenium.remote.HttpCommandExecutor.execute(HttpCommandExecutor.java:191)
	at org.openqa.selenium.remote.service.DriverCommandExecutor.invokeExecute(DriverCommandExecutor.java:200)
	at org.openqa.selenium.remote.service.DriverCommandExecutor.execute(DriverCommandExecutor.java:175)
	at org.openqa.selenium.remote.RemoteWebDriver.execute(RemoteWebDriver.java:607)
	at org.openqa.selenium.remote.ElementLocation$ElementFinder$2.findElement(ElementLocation.java:165)
	at org.openqa.selenium.remote.ElementLocation.findElement(ElementLocation.java:59)
	at org.openqa.selenium.remote.RemoteWebDriver.findElement(RemoteWebDriver.java:364)
	at org.openqa.selenium.remote.RemoteWebDriver.findElement(RemoteWebDriver.java:358)
	at org.openqa.selenium.support.pagefactory.DefaultElementLocator.findElement(DefaultElementLocator.java:68)
	at org.openqa.selenium.support.pagefactory.internal.LocatingElementHandler.invoke(LocatingElementHandler.java:38)
	at jdk.proxy2/jdk.proxy2.$Proxy15.click(Unknown Source)
	at pageobjects.CheckOut_ItemsincartPage.Search_and_Select_item(CheckOut_ItemsincartPage.java:121)
	at testcases.CheckOut_ItemsincartTest.payment(CheckOut_ItemsincartTest.java:21)
	at java.base/java.util.ArrayList.forEach(ArrayList.java:1511)
... Removed 32 stack frames</pre></div><a href='#' onClick='toggleBox("stack-trace1341130820", this, "Click to show all stack frames", "Click to hide stack frames")'>Click to show all stack frames</a>
<div class='stack-trace' id='stack-trace1341130820'><pre>org.openqa.selenium.NoSuchElementException: no such element: Unable to locate element: {&quot;method&quot;:&quot;css selector&quot;,&quot;selector&quot;:&quot;#number&quot;}
  (Session info: chrome=121.0.6167.86)
For documentation on this error, please visit: https://www.selenium.dev/documentation/webdriver/troubleshooting/errors#no-such-element-exception
Build info: version: &apos;4.15.0&apos;, revision: &apos;1d14b5521b&apos;
System info: os.name: &apos;Windows 11&apos;, os.arch: &apos;amd64&apos;, os.version: &apos;10.0&apos;, java.version: &apos;17.0.9&apos;
Driver info: org.openqa.selenium.chrome.ChromeDriver
Command: [47f802ec28f1ccac8c1a21db8dcb9e2f, findElement {using=id, value=number}]
Capabilities {acceptInsecureCerts: false, browserName: chrome, browserVersion: 121.0.6167.86, chrome: {chromedriverVersion: 121.0.6167.85 (3f98d690ad7e..., userDataDir: C:\Users\new\AppData\Local\...}, fedcm:accounts: true, goog:chromeOptions: {debuggerAddress: localhost:64515}, networkConnectionEnabled: false, pageLoadStrategy: normal, platformName: windows, proxy: Proxy(), se:cdp: ws://localhost:64515/devtoo..., se:cdpVersion: 121.0.6167.86, setWindowRect: true, strictFileInteractability: false, timeouts: {implicit: 0, pageLoad: 300000, script: 30000}, unhandledPromptBehavior: dismiss and notify, webauthn:extension:credBlob: true, webauthn:extension:largeBlob: true, webauthn:extension:minPinLength: true, webauthn:extension:prf: true, webauthn:virtualAuthenticators: true}
Session ID: 47f802ec28f1ccac8c1a21db8dcb9e2f
	at java.base/jdk.internal.reflect.NativeConstructorAccessorImpl.newInstance0(Native Method)
	at java.base/jdk.internal.reflect.NativeConstructorAccessorImpl.newInstance(NativeConstructorAccessorImpl.java:77)
	at java.base/jdk.internal.reflect.DelegatingConstructorAccessorImpl.newInstance(DelegatingConstructorAccessorImpl.java:45)
	at java.base/java.lang.reflect.Constructor.newInstanceWithCaller(Constructor.java:499)
	at java.base/java.lang.reflect.Constructor.newInstance(Constructor.java:480)
	at org.openqa.selenium.remote.codec.w3c.W3CHttpResponseCodec.createException(W3CHttpResponseCodec.java:200)
	at org.openqa.selenium.remote.codec.w3c.W3CHttpResponseCodec.decode(W3CHttpResponseCodec.java:133)
	at org.openqa.selenium.remote.codec.w3c.W3CHttpResponseCodec.decode(W3CHttpResponseCodec.java:52)
	at org.openqa.selenium.remote.HttpCommandExecutor.execute(HttpCommandExecutor.java:191)
	at org.openqa.selenium.remote.service.DriverCommandExecutor.invokeExecute(DriverCommandExecutor.java:200)
	at org.openqa.selenium.remote.service.DriverCommandExecutor.execute(DriverCommandExecutor.java:175)
	at org.openqa.selenium.remote.RemoteWebDriver.execute(RemoteWebDriver.java:607)
	at org.openqa.selenium.remote.ElementLocation$ElementFinder$2.findElement(ElementLocation.java:165)
	at org.openqa.selenium.remote.ElementLocation.findElement(ElementLocation.java:59)
	at org.openqa.selenium.remote.RemoteWebDriver.findElement(RemoteWebDriver.java:364)
	at org.openqa.selenium.remote.RemoteWebDriver.findElement(RemoteWebDriver.java:358)
	at org.openqa.selenium.support.pagefactory.DefaultElementLocator.findElement(DefaultElementLocator.java:68)
	at org.openqa.selenium.support.pagefactory.internal.LocatingElementHandler.invoke(LocatingElementHandler.java:38)
	at jdk.proxy2/jdk.proxy2.$Proxy15.click(Unknown Source)
	at pageobjects.CheckOut_ItemsincartPage.Search_and_Select_item(CheckOut_ItemsincartPage.java:121)
	at testcases.CheckOut_ItemsincartTest.payment(CheckOut_ItemsincartTest.java:21)
	at java.base/jdk.internal.reflect.NativeMethodAccessorImpl.invoke0(Native Method)
	at java.base/jdk.internal.reflect.NativeMethodAccessorImpl.invoke(NativeMethodAccessorImpl.java:77)
	at java.base/jdk.internal.reflect.DelegatingMethodAccessorImpl.invoke(DelegatingMethodAccessorImpl.java:43)
	at java.base/java.lang.reflect.Method.invoke(Method.java:568)
	at org.testng.internal.invokers.MethodInvocationHelper.invokeMethod(MethodInvocationHelper.java:139)
	at org.testng.internal.invokers.TestInvoker.invokeMethod(TestInvoker.java:664)
	at org.testng.internal.invokers.TestInvoker.invokeTestMethod(TestInvoker.java:227)
	at org.testng.internal.invokers.MethodRunner.runInSequence(MethodRunner.java:50)
	at org.testng.internal.invokers.TestInvoker$MethodInvocationAgent.invoke(TestInvoker.java:957)
	at org.testng.internal.invokers.TestInvoker.invokeTestMethods(TestInvoker.java:200)
	at org.testng.internal.invokers.TestMethodWorker.invokeTestMethods(TestMethodWorker.java:148)
	at org.testng.internal.invokers.TestMethodWorker.run(TestMethodWorker.java:128)
	at java.base/java.util.ArrayList.forEach(ArrayList.java:1511)
	at org.testng.TestRunner.privateRun(TestRunner.java:848)
	at org.testng.TestRunner.run(TestRunner.java:621)
	at org.testng.SuiteRunner.runTest(SuiteRunner.java:443)
	at org.testng.SuiteRunner.runSequentially(SuiteRunner.java:437)
	at org.testng.SuiteRunner.privateRun(SuiteRunner.java:397)
	at org.testng.SuiteRunner.run(SuiteRunner.java:336)
	at org.testng.SuiteRunnerWorker.runSuite(SuiteRunnerWorker.java:52)
	at org.testng.SuiteRunnerWorker.run(SuiteRunnerWorker.java:95)
	at org.testng.TestNG.runSuitesSequentially(TestNG.java:1280)
	at org.testng.TestNG.runSuitesLocally(TestNG.java:1200)
	at org.testng.TestNG.runSuites(TestNG.java:1114)
	at org.testng.TestNG.run(TestNG.java:1082)
	at org.testng.remote.AbstractRemoteTestNG.run(AbstractRemoteTestNG.java:115)
	at org.testng.remote.RemoteTestNG.initAndRun(RemoteTestNG.java:251)
	at org.testng.remote.RemoteTestNG.main(RemoteTestNG.java:77)
</pre></div></td>
<td>78</td>
<td>testcases.CheckOut_ItemsincartTest@5f9edf14</td></tr>
<tr>
<td title='testcases.Signuptest.signup()'><b>signup</b><br>Test class: testcases.Signuptest<br>Parameters: , , , , , , null</td>
<td><div><pre>java.lang.IllegalArgumentException: Keys to send should be a not null CharSequence
	at org.openqa.selenium.remote.RemoteWebElement.sendKeys(RemoteWebElement.java:97)
	at org.openqa.selenium.support.pagefactory.internal.LocatingElementHandler.invoke(LocatingElementHandler.java:51)
	at jdk.proxy2/jdk.proxy2.$Proxy15.sendKeys(Unknown Source)
	at pageobjects.Signuppage.entermobileno(Signuppage.java:119)
	at testcases.Signuptest.signup(Signuptest.java:100)
	at java.base/java.util.ArrayList.forEach(ArrayList.java:1511)
... Removed 30 stack frames</pre></div><a href='#' onClick='toggleBox("stack-trace620961748", this, "Click to show all stack frames", "Click to hide stack frames")'>Click to show all stack frames</a>
<div class='stack-trace' id='stack-trace620961748'><pre>java.lang.IllegalArgumentException: Keys to send should be a not null CharSequence
	at org.openqa.selenium.remote.RemoteWebElement.sendKeys(RemoteWebElement.java:97)
	at jdk.internal.reflect.GeneratedMethodAccessor4.invoke(Unknown Source)
	at java.base/jdk.internal.reflect.DelegatingMethodAccessorImpl.invoke(DelegatingMethodAccessorImpl.java:43)
	at java.base/java.lang.reflect.Method.invoke(Method.java:568)
	at org.openqa.selenium.support.pagefactory.internal.LocatingElementHandler.invoke(LocatingElementHandler.java:51)
	at jdk.proxy2/jdk.proxy2.$Proxy15.sendKeys(Unknown Source)
	at pageobjects.Signuppage.entermobileno(Signuppage.java:119)
	at testcases.Signuptest.signup(Signuptest.java:100)
	at java.base/jdk.internal.reflect.NativeMethodAccessorImpl.invoke0(Native Method)
	at java.base/jdk.internal.reflect.NativeMethodAccessorImpl.invoke(NativeMethodAccessorImpl.java:77)
	at java.base/jdk.internal.reflect.DelegatingMethodAccessorImpl.invoke(DelegatingMethodAccessorImpl.java:43)
	at java.base/java.lang.reflect.Method.invoke(Method.java:568)
	at org.testng.internal.invokers.MethodInvocationHelper.invokeMethod(MethodInvocationHelper.java:139)
	at org.testng.internal.invokers.TestInvoker.invokeMethod(TestInvoker.java:664)
	at org.testng.internal.invokers.TestInvoker.invokeTestMethod(TestInvoker.java:227)
	at org.testng.internal.invokers.MethodRunner.runInSequence(MethodRunner.java:50)
	at org.testng.internal.invokers.TestInvoker$MethodInvocationAgent.invoke(TestInvoker.java:957)
	at org.testng.internal.invokers.TestInvoker.invokeTestMethods(TestInvoker.java:200)
	at org.testng.internal.invokers.TestMethodWorker.invokeTestMethods(TestMethodWorker.java:148)
	at org.testng.internal.invokers.TestMethodWorker.run(TestMethodWorker.java:128)
	at java.base/java.util.ArrayList.forEach(ArrayList.java:1511)
	at org.testng.TestRunner.privateRun(TestRunner.java:848)
	at org.testng.TestRunner.run(TestRunner.java:621)
	at org.testng.SuiteRunner.runTest(SuiteRunner.java:443)
	at org.testng.SuiteRunner.runSequentially(SuiteRunner.java:437)
	at org.testng.SuiteRunner.privateRun(SuiteRunner.java:397)
	at org.testng.SuiteRunner.run(SuiteRunner.java:336)
	at org.testng.SuiteRunnerWorker.runSuite(SuiteRunnerWorker.java:52)
	at org.testng.SuiteRunnerWorker.run(SuiteRunnerWorker.java:95)
	at org.testng.TestNG.runSuitesSequentially(TestNG.java:1280)
	at org.testng.TestNG.runSuitesLocally(TestNG.java:1200)
	at org.testng.TestNG.runSuites(TestNG.java:1114)
	at org.testng.TestNG.run(TestNG.java:1082)
	at org.testng.remote.AbstractRemoteTestNG.run(AbstractRemoteTestNG.java:115)
	at org.testng.remote.RemoteTestNG.initAndRun(RemoteTestNG.java:251)
	at org.testng.remote.RemoteTestNG.main(RemoteTestNG.java:77)
</pre></div></td>
<td>23</td>
<td>testcases.Signuptest@2bdd8394</td></tr>
</table><p>
<table width='100%' border='1' class='invocation-passed'>
<tr><td colspan='4' align='center'><b>PASSED TESTS</b></td></tr>
<tr><td><b>Test method</b></td>
<td><b>Attribute(s)</b></td>
<td width="30%"><b>Exception</b></td>
<td width="10%"><b>Time (seconds)</b></td>
<td><b>Instance</b></td>
</tr>
<tr>
<td title='testcases.BrokenLinkTest.brokenlink()'><b>brokenlink</b><br>Test class: testcases.BrokenLinkTest</td>
<td></td>
<td>21</td>
<td>testcases.BrokenLinkTest@68746f22</td></tr>
<tr>
<td title='testcases.Signuptest.signup()'><b>signup</b><br>Test class: testcases.Signuptest<br>Parameters: Divagar, V, divagar.com, Qwerty12345*, Qwerty12345*, 8.667230925E9, Best Buy: Create an Account</td>
<td></td>
<td>58</td>
<td>testcases.Signuptest@2bdd8394</td></tr>
<tr>
<td title='testcases.Signuptest.signup()'><b>signup</b><br>Test class: testcases.Signuptest<br>Parameters: Divagar, V, divagar.xploresense@gmail.com, , Qwerty12345*, 8.667230925E9, Best Buy: Create an Account</td>
<td></td>
<td>46</td>
<td>testcases.Signuptest@2bdd8394</td></tr>
<tr>
<td title='testcases.Signuptest.signup()'><b>signup</b><br>Test class: testcases.Signuptest<br>Parameters: Divagar, V, divagar.xploresense@gmail.com, , , 8.667230925E9, Best Buy: Create an Account</td>
<td></td>
<td>22</td>
<td>testcases.Signuptest@2bdd8394</td></tr>
<tr>
<td title='testcases.Signuptest.signup()'><b>signup</b><br>Test class: testcases.Signuptest<br>Parameters: Divagar, V, divagar.xploresense@gmail.com, Qwerty12345*, , 8.667230925E9, Best Buy: Create an Account</td>
<td></td>
<td>25</td>
<td>testcases.Signuptest@2bdd8394</td></tr>
<tr>
<td title='testcases.Logintest.signin()'><b>signin</b><br>Test class: testcases.Logintest<br>Parameters: divagar.xploresense@gmail.com, 0.0</td>
<td></td>
<td>33</td>
<td>testcases.Logintest@7d7758be</td></tr>
<tr>
<td title='testcases.Signuptest.signup()'><b>signup</b><br>Test class: testcases.Signuptest<br>Parameters: Divagar, V, divagar.xploresense@gmail.com, Qwerty12345*, Qwerty12345*, 86672Qwert, Best Buy: Create an Account</td>
<td></td>
<td>25</td>
<td>testcases.Signuptest@2bdd8394</td></tr>
<tr>
<td title='testcases.Logintest.signin()'><b>signin</b><br>Test class: testcases.Logintest<br>Parameters: divagar.xploresense@.com, Qwerty12345*</td>
<td></td>
<td>22</td>
<td>testcases.Logintest@7d7758be</td></tr>
<tr>
<td title='testcases.Signuptest.signup()'><b>signup</b><br>Test class: testcases.Signuptest<br>Parameters: Divagar, V, divagar.xploresense@gmail.com, Qwerty12345*, Qwerty12345*, 8.667230925E9, Best Buy: Create an Account</td>
<td></td>
<td>30</td>
<td>testcases.Signuptest@2bdd8394</td></tr>
<tr>
<td title='testcases.Logintest.signin()'><b>signin</b><br>Test class: testcases.Logintest<br>Parameters: divagar.xploresense@gmail.com, 1.234557556E9</td>
<td></td>
<td>23</td>
<td>testcases.Logintest@7d7758be</td></tr>
<tr>
<td title='testcases.Logintest.signin()'><b>signin</b><br>Test class: testcases.Logintest<br>Parameters: 0.0, Qwerty12345*</td>
<td></td>
<td>26</td>
<td>testcases.Logintest@7d7758be</td></tr>
<tr>
<td title='testcases.Signuptest.signup()'><b>signup</b><br>Test class: testcases.Signuptest<br>Parameters: Divagar, , divagar.xploresense@gmail.com, Qwerty12345*, Qwerty12345*, 8.667230925E9, Best Buy: Create an Account</td>
<td></td>
<td>21</td>
<td>testcases.Signuptest@2bdd8394</td></tr>
<tr>
<td title='testcases.Signuptest.signup()'><b>signup</b><br>Test class: testcases.Signuptest<br>Parameters: Divagar, V, divagar.xploresense@gmail.com, Qwerty12345*, Qwerty12345*, hjbhjjhvvhj, Best Buy: Create an Account</td>
<td></td>
<td>31</td>
<td>testcases.Signuptest@2bdd8394</td></tr>
<tr>
<td title='testcases.Signuptest.signup()'><b>signup</b><br>Test class: testcases.Signuptest<br>Parameters: Divagar, V, divagar.xploresense@gmail.com, Qwer, Qwer, 8.667230925E9, Best Buy: Create an Account</td>
<td></td>
<td>22</td>
<td>testcases.Signuptest@2bdd8394</td></tr>
<tr>
<td title='testcases.BottomLinkTest.bottomlink()'><b>bottomlink</b><br>Test class: testcases.BottomLinkTest</td>
<td></td>
<td>13</td>
<td>testcases.BottomLinkTest@2f01783a</td></tr>
<tr>
<td title='testcases.TitleValidationTest.titlevalidate()'><b>titlevalidate</b><br>Test class: testcases.TitleValidationTest</td>
<td></td>
<td>55</td>
<td>testcases.TitleValidationTest@68878f6d</td></tr>
<tr>
<td title='testcases.Signuptest.signup()'><b>signup</b><br>Test class: testcases.Signuptest<br>Parameters: Divagar, V, divagar.xploresense@gmail.com, Qwerty12345*, Qwerty12345*, 866723092, Best Buy: Create an Account</td>
<td></td>
<td>24</td>
<td>testcases.Signuptest@2bdd8394</td></tr>
</table><p>
</body>
</html>