<?xml version="1.0" encoding="UTF-8"?>
<!-- Generated by org.testng.reporters.JUnitXMLReporter -->
<testsuite ignored="0" hostname="DESKTOP-6AK3J3N" failures="3" tests="20" name="Test" time="849.306" errors="0" timestamp="2024-02-03T20:41:14 IST">
  <testcase classname="testcases.AddItemsToCartTest" name="additems" time="76.588">
    <failure type="org.openqa.selenium.ElementClickInterceptedException" message="element click intercepted: Element &amp;lt;a href=&amp;quot;/site/searchpage.jsp?_dyncharset=UTF-8&amp;amp;amp;browsedCategory=pcmcat1496260428559&amp;amp;amp;id=pcat17071&amp;amp;amp;iht=n&amp;amp;amp;ks=960&amp;amp;amp;list=y&amp;amp;amp;qp=category_facet%3DSmartwatch%20Accessories~pcmcat321000050005&amp;amp;amp;sc=Global&amp;amp;amp;st=pcmcat1496260428559_categoryid%24pcmcat321000050003&amp;amp;amp;type=page&amp;amp;amp;usc=All%20Categories&amp;quot; data-track=&amp;quot;[context:widgetType=flex,linkContent=Watch accessories,linkRegion=Watches and Buds Flex,linkPlacement=c1w1]&amp;quot; class=&amp;quot;flex-image-inner-wrapper flex-fluid-image&amp;quot; aria-hidden=&amp;quot;true&amp;quot; tabindex=&amp;quot;-1&amp;quot; style=&amp;quot;background-image: url(&amp;amp;quot;https://pisces.bbystatic.com/image2/BestBuy_US/dam/flx-accesories-budsandwatch-sol111603-samsung_DER-48244f9e-ff3a-4cc1-b4b3-4b393ed22ef1.jpg;maxHeight=292;maxWidth=292&amp;amp;quot;);&amp;quot;&amp;gt;...&amp;lt;/a&amp;gt; is not clickable at point (425, 591). Other element would receive the click: &amp;lt;div id=&amp;quot;survey_window&amp;quot; class=&amp;quot;modal fade modal-open in&amp;quot; role=&amp;quot;dialog&amp;quot; style=&amp;quot;margin-top: 205px; display: block;&amp;quot;&amp;gt;...&amp;lt;/div&amp;gt;
  (Session info: chrome=121.0.6167.86)
Build info: version: &amp;apos;4.15.0&amp;apos;, revision: &amp;apos;1d14b5521b&amp;apos;
System info: os.name: &amp;apos;Windows 11&amp;apos;, os.arch: &amp;apos;amd64&amp;apos;, os.version: &amp;apos;10.0&amp;apos;, java.version: &amp;apos;17.0.9&amp;apos;
Driver info: org.openqa.selenium.chrome.ChromeDriver
Command: [350f0c7d53f554ff32fa0a716824c9e9, clickElement {id=CBC91FB21325E62651165CA747E916EA_element_403}]
Capabilities {acceptInsecureCerts: false, browserName: chrome, browserVersion: 121.0.6167.86, chrome: {chromedriverVersion: 121.0.6167.85 (3f98d690ad7e..., userDataDir: C:\Users\new\AppData\Local\...}, fedcm:accounts: true, goog:chromeOptions: {debuggerAddress: localhost:50694}, networkConnectionEnabled: false, pageLoadStrategy: normal, platformName: windows, proxy: Proxy(), se:cdp: ws://localhost:50694/devtoo..., se:cdpVersion: 121.0.6167.86, setWindowRect: true, strictFileInteractability: false, timeouts: {implicit: 0, pageLoad: 300000, script: 30000}, unhandledPromptBehavior: dismiss and notify, webauthn:extension:credBlob: true, webauthn:extension:largeBlob: true, webauthn:extension:minPinLength: true, webauthn:extension:prf: true, webauthn:virtualAuthenticators: true}
Element: [[ChromeDriver: chrome on windows (350f0c7d53f554ff32fa0a716824c9e9)] -&amp;gt; xpath: //a[@href=&amp;apos;/site/searchpage.jsp?_dyncharset=UTF-8&amp;amp;browsedCategory=pcmcat1496260428559&amp;amp;id=pcat17071&amp;amp;iht=n&amp;amp;ks=960&amp;amp;list=y&amp;amp;qp=category_facet%3DSmartwatch%20Accessories~pcmcat321000050005&amp;amp;sc=Global&amp;amp;st=pcmcat1496260428559_categoryid%24pcmcat321000050003&amp;amp;type=page&amp;amp;usc=All%20Categories&amp;apos;]]
Session ID: 350f0c7d53f554ff32fa0a716824c9e9">
      <![CDATA[org.openqa.selenium.ElementClickInterceptedException: element click intercepted: Element <a href="/site/searchpage.jsp?_dyncharset=UTF-8&amp;browsedCategory=pcmcat1496260428559&amp;id=pcat17071&amp;iht=n&amp;ks=960&amp;list=y&amp;qp=category_facet%3DSmartwatch%20Accessories~pcmcat321000050005&amp;sc=Global&amp;st=pcmcat1496260428559_categoryid%24pcmcat321000050003&amp;type=page&amp;usc=All%20Categories" data-track="[context:widgetType=flex,linkContent=Watch accessories,linkRegion=Watches and Buds Flex,linkPlacement=c1w1]" class="flex-image-inner-wrapper flex-fluid-image" aria-hidden="true" tabindex="-1" style="background-image: url(&quot;https://pisces.bbystatic.com/image2/BestBuy_US/dam/flx-accesories-budsandwatch-sol111603-samsung_DER-48244f9e-ff3a-4cc1-b4b3-4b393ed22ef1.jpg;maxHeight=292;maxWidth=292&quot;);">...</a> is not clickable at point (425, 591). Other element would receive the click: <div id="survey_window" class="modal fade modal-open in" role="dialog" style="margin-top: 205px; display: block;">...</div>
  (Session info: chrome=121.0.6167.86)
Build info: version: '4.15.0', revision: '1d14b5521b'
System info: os.name: 'Windows 11', os.arch: 'amd64', os.version: '10.0', java.version: '17.0.9'
Driver info: org.openqa.selenium.chrome.ChromeDriver
Command: [350f0c7d53f554ff32fa0a716824c9e9, clickElement {id=CBC91FB21325E62651165CA747E916EA_element_403}]
Capabilities {acceptInsecureCerts: false, browserName: chrome, browserVersion: 121.0.6167.86, chrome: {chromedriverVersion: 121.0.6167.85 (3f98d690ad7e..., userDataDir: C:\Users\new\AppData\Local\...}, fedcm:accounts: true, goog:chromeOptions: {debuggerAddress: localhost:50694}, networkConnectionEnabled: false, pageLoadStrategy: normal, platformName: windows, proxy: Proxy(), se:cdp: ws://localhost:50694/devtoo..., se:cdpVersion: 121.0.6167.86, setWindowRect: true, strictFileInteractability: false, timeouts: {implicit: 0, pageLoad: 300000, script: 30000}, unhandledPromptBehavior: dismiss and notify, webauthn:extension:credBlob: true, webauthn:extension:largeBlob: true, webauthn:extension:minPinLength: true, webauthn:extension:prf: true, webauthn:virtualAuthenticators: true}
Element: [[ChromeDriver: chrome on windows (350f0c7d53f554ff32fa0a716824c9e9)] -> xpath: //a[@href='/site/searchpage.jsp?_dyncharset=UTF-8&browsedCategory=pcmcat1496260428559&id=pcat17071&iht=n&ks=960&list=y&qp=category_facet%3DSmartwatch%20Accessories~pcmcat321000050005&sc=Global&st=pcmcat1496260428559_categoryid%24pcmcat321000050003&type=page&usc=All%20Categories']]
Session ID: 350f0c7d53f554ff32fa0a716824c9e9
at org.openqa.selenium.remote.codec.w3c.W3CHttpResponseCodec.createException(W3CHttpResponseCodec.java:200)
at org.openqa.selenium.remote.codec.w3c.W3CHttpResponseCodec.decode(W3CHttpResponseCodec.java:133)
at org.openqa.selenium.remote.codec.w3c.W3CHttpResponseCodec.decode(W3CHttpResponseCodec.java:52)
at org.openqa.selenium.remote.HttpCommandExecutor.execute(HttpCommandExecutor.java:191)
at org.openqa.selenium.remote.service.DriverCommandExecutor.invokeExecute(DriverCommandExecutor.java:200)
at org.openqa.selenium.remote.service.DriverCommandExecutor.execute(DriverCommandExecutor.java:175)
at org.openqa.selenium.remote.RemoteWebDriver.execute(RemoteWebDriver.java:607)
at org.openqa.selenium.remote.RemoteWebElement.execute(RemoteWebElement.java:224)
at org.openqa.selenium.remote.RemoteWebElement.click(RemoteWebElement.java:77)
at org.openqa.selenium.support.pagefactory.internal.LocatingElementHandler.invoke(LocatingElementHandler.java:51)
at jdk.proxy2/jdk.proxy2.$Proxy15.click(Unknown Source)
at pageobjects.AddItemsToCartPage.select_item_under_brand(AddItemsToCartPage.java:140)
at testcases.AddItemsToCartTest.additems(AddItemsToCartTest.java:22)
at java.base/java.util.ArrayList.forEach(ArrayList.java:1511)
... Removed 36 stack frames]]>
    </failure>
  </testcase> <!-- additems -->
  <testcase classname="testcases.Logintest" name="signin" time="33.213"/>
  <testcase classname="testcases.Logintest" name="signin" time="26.616"/>
  <testcase classname="testcases.Logintest" name="signin" time="22.194"/>
  <testcase classname="testcases.Logintest" name="signin" time="23.773"/>
  <testcase classname="testcases.Signuptest" name="signup" time="21.643"/>
  <testcase classname="testcases.Signuptest" name="signup" time="58.386"/>
  <testcase classname="testcases.Signuptest" name="signup" time="30.229"/>
  <testcase classname="testcases.Signuptest" name="signup" time="22.822"/>
  <testcase classname="testcases.Signuptest" name="signup" time="46.003"/>
  <testcase classname="testcases.Signuptest" name="signup" time="25.992"/>
  <testcase classname="testcases.Signuptest" name="signup" time="22.451"/>
  <testcase classname="testcases.Signuptest" name="signup" time="24.662"/>
  <testcase classname="testcases.Signuptest" name="signup" time="25.508"/>
  <testcase classname="testcases.Signuptest" name="signup" time="31.586"/>
  <testcase classname="testcases.Signuptest" name="signup" time="23.675">
    <failure type="java.lang.IllegalArgumentException" message="Keys to send should be a not null CharSequence">
      <![CDATA[java.lang.IllegalArgumentException: Keys to send should be a not null CharSequence
at org.openqa.selenium.remote.RemoteWebElement.sendKeys(RemoteWebElement.java:97)
at org.openqa.selenium.support.pagefactory.internal.LocatingElementHandler.invoke(LocatingElementHandler.java:51)
at jdk.proxy2/jdk.proxy2.$Proxy15.sendKeys(Unknown Source)
at pageobjects.Signuppage.entermobileno(Signuppage.java:119)
at testcases.Signuptest.signup(Signuptest.java:100)
at java.base/java.util.ArrayList.forEach(ArrayList.java:1511)
... Removed 30 stack frames]]>
    </failure>
  </testcase> <!-- signup -->
  <testcase classname="testcases.CheckOut_ItemsincartTest" name="payment" time="78.127">
    <failure type="org.openqa.selenium.NoSuchElementException" message="no such element: Unable to locate element: {&amp;quot;method&amp;quot;:&amp;quot;css selector&amp;quot;,&amp;quot;selector&amp;quot;:&amp;quot;#number&amp;quot;}
  (Session info: chrome=121.0.6167.86)
For documentation on this error, please visit: https://www.selenium.dev/documentation/webdriver/troubleshooting/errors#no-such-element-exception
Build info: version: &amp;apos;4.15.0&amp;apos;, revision: &amp;apos;1d14b5521b&amp;apos;
System info: os.name: &amp;apos;Windows 11&amp;apos;, os.arch: &amp;apos;amd64&amp;apos;, os.version: &amp;apos;10.0&amp;apos;, java.version: &amp;apos;17.0.9&amp;apos;
Driver info: org.openqa.selenium.chrome.ChromeDriver
Command: [47f802ec28f1ccac8c1a21db8dcb9e2f, findElement {using=id, value=number}]
Capabilities {acceptInsecureCerts: false, browserName: chrome, browserVersion: 121.0.6167.86, chrome: {chromedriverVersion: 121.0.6167.85 (3f98d690ad7e..., userDataDir: C:\Users\new\AppData\Local\...}, fedcm:accounts: true, goog:chromeOptions: {debuggerAddress: localhost:64515}, networkConnectionEnabled: false, pageLoadStrategy: normal, platformName: windows, proxy: Proxy(), se:cdp: ws://localhost:64515/devtoo..., se:cdpVersion: 121.0.6167.86, setWindowRect: true, strictFileInteractability: false, timeouts: {implicit: 0, pageLoad: 300000, script: 30000}, unhandledPromptBehavior: dismiss and notify, webauthn:extension:credBlob: true, webauthn:extension:largeBlob: true, webauthn:extension:minPinLength: true, webauthn:extension:prf: true, webauthn:virtualAuthenticators: true}
Session ID: 47f802ec28f1ccac8c1a21db8dcb9e2f">
      <![CDATA[org.openqa.selenium.NoSuchElementException: no such element: Unable to locate element: {"method":"css selector","selector":"#number"}
  (Session info: chrome=121.0.6167.86)
For documentation on this error, please visit: https://www.selenium.dev/documentation/webdriver/troubleshooting/errors#no-such-element-exception
Build info: version: '4.15.0', revision: '1d14b5521b'
System info: os.name: 'Windows 11', os.arch: 'amd64', os.version: '10.0', java.version: '17.0.9'
Driver info: org.openqa.selenium.chrome.ChromeDriver
Command: [47f802ec28f1ccac8c1a21db8dcb9e2f, findElement {using=id, value=number}]
Capabilities {acceptInsecureCerts: false, browserName: chrome, browserVersion: 121.0.6167.86, chrome: {chromedriverVersion: 121.0.6167.85 (3f98d690ad7e..., userDataDir: C:\Users\new\AppData\Local\...}, fedcm:accounts: true, goog:chromeOptions: {debuggerAddress: localhost:64515}, networkConnectionEnabled: false, pageLoadStrategy: normal, platformName: windows, proxy: Proxy(), se:cdp: ws://localhost:64515/devtoo..., se:cdpVersion: 121.0.6167.86, setWindowRect: true, strictFileInteractability: false, timeouts: {implicit: 0, pageLoad: 300000, script: 30000}, unhandledPromptBehavior: dismiss and notify, webauthn:extension:credBlob: true, webauthn:extension:largeBlob: true, webauthn:extension:minPinLength: true, webauthn:extension:prf: true, webauthn:virtualAuthenticators: true}
Session ID: 47f802ec28f1ccac8c1a21db8dcb9e2f
at org.openqa.selenium.remote.codec.w3c.W3CHttpResponseCodec.createException(W3CHttpResponseCodec.java:200)
at org.openqa.selenium.remote.codec.w3c.W3CHttpResponseCodec.decode(W3CHttpResponseCodec.java:133)
at org.openqa.selenium.remote.codec.w3c.W3CHttpResponseCodec.decode(W3CHttpResponseCodec.java:52)
at org.openqa.selenium.remote.HttpCommandExecutor.execute(HttpCommandExecutor.java:191)
at org.openqa.selenium.remote.service.DriverCommandExecutor.invokeExecute(DriverCommandExecutor.java:200)
at org.openqa.selenium.remote.service.DriverCommandExecutor.execute(DriverCommandExecutor.java:175)
at org.openqa.selenium.remote.RemoteWebDriver.execute(RemoteWebDriver.java:607)
at org.openqa.selenium.remote.ElementLocation$ElementFinder$2.findElement(ElementLocation.java:165)
at org.openqa.selenium.remote.ElementLocation.findElement(ElementLocation.java:59)
at org.openqa.selenium.remote.RemoteWebDriver.findElement(RemoteWebDriver.java:364)
at org.openqa.selenium.remote.RemoteWebDriver.findElement(RemoteWebDriver.java:358)
at org.openqa.selenium.support.pagefactory.DefaultElementLocator.findElement(DefaultElementLocator.java:68)
at org.openqa.selenium.support.pagefactory.internal.LocatingElementHandler.invoke(LocatingElementHandler.java:38)
at jdk.proxy2/jdk.proxy2.$Proxy15.click(Unknown Source)
at pageobjects.CheckOut_ItemsincartPage.Search_and_Select_item(CheckOut_ItemsincartPage.java:121)
at testcases.CheckOut_ItemsincartTest.payment(CheckOut_ItemsincartTest.java:21)
at java.base/java.util.ArrayList.forEach(ArrayList.java:1511)
... Removed 32 stack frames]]>
    </failure>
  </testcase> <!-- payment -->
  <testcase classname="testcases.BrokenLinkTest" name="brokenlink" time="21.023"/>
  <testcase classname="testcases.BottomLinkTest" name="bottomlink" time="13.178"/>
  <testcase classname="testcases.TitleValidationTest" name="titlevalidate" time="55.044"/>
</testsuite> <!-- Test -->
